<?xml version="1.0" encoding="UTF-8"?>
<!-- Generated by org.testng.reporters.JUnitReportReporter -->
<testsuite hostname="fv-az83-154" failures="0" tests="4" name="com.ea.SpringBasic.runner.TestRunner" time="109.785" errors="0" timestamp="2022-04-21T14:46:49 UTC" skipped="0">
  <testcase classname="com.ea.SpringBasic.runner.TestRunner" name="runScenario" time="27.454"/>
  <system-out/>
  <testcase classname="com.ea.SpringBasic.runner.TestRunner" name="runScenario" time="27.339"/>
  <system-out/>
  <testcase classname="com.ea.SpringBasic.runner.TestRunner" name="runScenario" time="27.524"/>
  <system-out/>
  <testcase classname="com.ea.SpringBasic.runner.TestRunner" name="runScenario" time="27.468"/>
  <system-out/>
</testsuite> <!-- com.ea.SpringBasic.runner.TestRunner -->
