<?xml version="1.0" encoding="UTF-8"?>
<!-- Generated by org.testng.reporters.JUnitReportReporter -->
<testsuite hostname="fv-az83-154" failures="0" tests="4" name="com.ea.SpringBasic.runner.TestRunner" time="111.122" errors="0" timestamp="2022-04-22T11:12:05 UTC" skipped="0">
  <testcase classname="com.ea.SpringBasic.runner.TestRunner" name="runScenario" time="27.786"/>
  <system-out/>
  <testcase classname="com.ea.SpringBasic.runner.TestRunner" name="runScenario" time="27.823"/>
  <system-out/>
  <testcase classname="com.ea.SpringBasic.runner.TestRunner" name="runScenario" time="27.743"/>
  <system-out/>
  <testcase classname="com.ea.SpringBasic.runner.TestRunner" name="runScenario" time="27.770"/>
  <system-out/>
</testsuite> <!-- com.ea.SpringBasic.runner.TestRunner -->
