<?xml version="1.0" encoding="UTF-8"?>
<!-- Generated by org.testng.reporters.JUnitReportReporter -->
<testsuite hostname="fv-az82-65" failures="0" tests="4" name="com.ea.SpringBasic.runner.TestRunner" time="125.425" errors="0" timestamp="2022-04-21T14:13:01 UTC" skipped="0">
  <testcase classname="com.ea.SpringBasic.runner.TestRunner" name="runScenario" time="31.409"/>
  <system-out/>
  <testcase classname="com.ea.SpringBasic.runner.TestRunner" name="runScenario" time="31.385"/>
  <system-out/>
  <testcase classname="com.ea.SpringBasic.runner.TestRunner" name="runScenario" time="31.153"/>
  <system-out/>
  <testcase classname="com.ea.SpringBasic.runner.TestRunner" name="runScenario" time="31.478"/>
  <system-out/>
</testsuite> <!-- com.ea.SpringBasic.runner.TestRunner -->
